<?xml version="1.0" encoding="UTF-8"?>
<testsuite xmlns:xsi="http://www.w3.org/2001/XMLSchema-instance" xsi:noNamespaceSchemaLocation="https://maven.apache.org/surefire/maven-surefire-plugin/xsd/surefire-test-report-3.0.xsd" version="3.0" name="sg.edu.nus.iss.d12workshop.D12workshopApplicationTests" time="3.061" tests="1" errors="0" skipped="0" failures="0">
  <properties>
[...]
</properties>
  <testcase name="contextLoads" classname="sg.edu.nus.iss.d12workshop.D12workshopApplicationTests" time="0.995">
    <system-out><![CDATA[08:54:39.865 [main] INFO org.springframework.test.context.support.AnnotationConfigContextLoaderUtils -- Could not detect default configuration classes for test class [sg.edu.nus.iss.d12workshop.D12workshopApplicationTests]: D12workshopApplicationTests does not declare any static, non-private, non-final, nested classes annotated with @Configuration.
08:54:39.971 [main] INFO org.springframework.boot.test.context.SpringBootTestContextBootstrapper -- Found @SpringBootConfiguration sg.edu.nus.iss.d12workshop.D12workshopApplication for test class sg.edu.nus.iss.d12workshop.D12workshopApplicationTests
08:54:40.139 [main] INFO org.springframework.boot.devtools.restart.RestartApplicationListener -- Restart disabled due to context in which it is running

  .   ____          _            __ _ _
 /\\ / ___'_ __ _ _(_)_ __  __ _ \ \ \ \
( ( )\___ | '_ | '_| | '_ \/ _` | \ \ \ \
 \\/  ___)| |_)| | | | | || (_| |  ) ) ) )
  '  |____| .__|_| |_|_| |_\__, | / / / /
 =========|_|==============|___/=/_/_/_/
 :: Spring Boot ::                (v3.1.5)

2023-11-23T08:54:40.415+08:00  INFO 5319 --- [           main] s.e.n.i.d.D12workshopApplicationTests    : Starting D12workshopApplicationTests using Java 17.0.8 with PID 5319 (started by CelineNg in /Users/CelineNg/Desktop/ssf-codes/day12/d12workshop)
2023-11-23T08:54:40.418+08:00  INFO 5319 --- [           main] s.e.n.i.d.D12workshopApplicationTests    : No active profile set, falling back to 1 default profile: "default"
2023-11-23T08:54:41.474+08:00  INFO 5319 --- [           main] o.s.b.a.w.s.WelcomePageHandlerMapping    : Adding welcome page: class path resource [static/index.html]
2023-11-23T08:54:41.631+08:00  INFO 5319 --- [           main] s.e.n.i.d.D12workshopApplicationTests    : Started D12workshopApplicationTests in 1.507 seconds (process running for 2.779)
]]></system-out>
  </testcase>
</testsuite>